C:\Program Files\Microsoft Visual Studio\2022\Community\MSBuild\Microsoft\VC\v170\Microsoft.CppBuild.targets(516,5): warning MSB8004: Intermediate Directory does not end with a trailing slash.  This build instance will add the slash as it is required to allow proper evaluation of the Intermediate Directory.
C:\Program Files\Microsoft Visual Studio\2022\Community\MSBuild\Microsoft\VC\v170\Microsoft.CppBuild.targets(517,5): warning MSB8004: Output Directory does not end with a trailing slash.  This build instance will add the slash as it is required to allow proper evaluation of the Output Directory.
  Engine.cpp
C:\.dev\Xenon2022Engine_P1\Xenon2022Engine\Engine\src\EntryPoint.h(3,7): error C2143: syntax error: missing ';' before 'constant'
  (compiling source file 'src/Engine.cpp')
  
C:\.dev\Xenon2022Engine_P1\Xenon2022Engine\Engine\src\EntryPoint.h(3,7): error C4430: missing type specifier - int assumed. Note: C++ does not support default-int
  (compiling source file 'src/Engine.cpp')
  
C:\.dev\Xenon2022Engine_P1\Xenon2022Engine\Engine\src\EntryPoint.h(3,7): error C2059: syntax error: 'constant'
  (compiling source file 'src/Engine.cpp')
  
C:\.dev\Xenon2022Engine_P1\Xenon2022Engine\Engine\src\EntryPoint.h(5,8): error C2653: 'GameEngine': is not a class or namespace name
  (compiling source file 'src/Engine.cpp')
  
C:\.dev\Xenon2022Engine_P1\Xenon2022Engine\Engine\src\EntryPoint.h(5,28): error C2653: 'GameEngine': is not a class or namespace name
  (compiling source file 'src/Engine.cpp')
  
C:\.dev\Xenon2022Engine_P1\Xenon2022Engine\Engine\src\EntryPoint.h(8,14): error C2653: 'GameEngine': is not a class or namespace name
  (compiling source file 'src/Engine.cpp')
  
C:\.dev\Xenon2022Engine_P1\Xenon2022Engine\Engine\src\EntryPoint.h(8,26): error C3861: 'CreateApplication': identifier not found
  (compiling source file 'src/Engine.cpp')
  
C:\.dev\Xenon2022Engine_P1\Xenon2022Engine\Engine\src\EntryPoint.h(10,2): error C2541: 'delete': cannot delete objects that are not pointers
  (compiling source file 'src/Engine.cpp')
  
C:\.dev\Xenon2022Engine_P1\Xenon2022Engine\Engine\src\EntryPoint.h(13,1): error C1019: unexpected #else
  (compiling source file 'src/Engine.cpp')
  
